prod_make_bouquet  2  20001  Tulip
prod_box_bouquet  2  20001  20001  Tulip
customer_make_order  1  3  2  3
prod_make_bouquet  1  10001  Rose
prod_box_bouquet  1  10001  10001  Rose
prod_make_bouquet  3  30001  Rose
prod_box_bouquet  3  30001  30001  Rose
prod_make_bouquet  2  20002  Tulip
prod_box_bouquet  2  20002  20001  Tulip
customer_make_order  2  1  3  3
prod_make_bouquet  1  10002  Tulip
prod_box_bouquet  1  10002  10001  Tulip
prod_make_bouquet  3  30002  Tulip
prod_box_bouquet  3  30002  30001  Tulip
prod_make_bouquet  2  20003  Tulip
prod_box_bouquet  2  20003  20001  Tulip
customer_make_order  3  4  5  1
prod_make_bouquet  1  10003  Tulip
prod_box_bouquet  1  10003  10001  Tulip
prod_make_bouquet  3  30003  Rose
prod_make_bouquet  1  10004  Tulip
prod_box_bouquet  3  30003  30001  Rose
prod_box_bouquet  1  10004  10001  Tulip
prod_make_bouquet  2  20004  Rose
prod_box_bouquet  2  20004  20001  Rose
customer_make_order  4  4  1  3
prod_make_bouquet  1  10005  Tulip
prod_box_bouquet  1  10005  10001  Tulip
prod_make_bouquet  2  20005  Rose
prod_box_bouquet  2  20005  20001  Rose
prod_make_bouquet  3  30004  Tulip
prod_box_bouquet  3  30004  30001  Tulip
customer_make_order  5  3  4  3
prod_make_bouquet  1  10006  Tulip
prod_box_bouquet  1  10006  10001  Tulip
prod_make_bouquet  2  20006  Tulip
prod_box_bouquet  2  20006  20001  Tulip
prod_make_bouquet  3  30005  Rose
prod_box_bouquet  3  30005  30001  Rose
customer_make_order  6  3  1  3
prod_make_bouquet  1  10007  Rose
prod_box_bouquet  1  10007  10001  Rose
prod_make_bouquet  2  20007  Rose
prod_box_bouquet  2  20007  20001  Rose
prod_make_bouquet  3  30006  Tulip
prod_box_bouquet  3  30006  30001  Tulip
customer_make_order  7  4  3  3
prod_make_bouquet  2  20008  Rose
prod_make_bouquet  3  30007  Rose
prod_make_bouquet  1  10008  Tulip
prod_box_bouquet  2  20008  20001  Rose
prod_box_bouquet  3  30007  30001  Rose
prod_box_bouquet  1  10008  10001  Tulip
customer_make_order  8  2  1  1
prod_make_bouquet  3  30008  Tulip
prod_make_bouquet  1  10009  Tulip
prod_box_bouquet  3  30008  30001  Tulip
prod_box_bouquet  1  10009  10001  Tulip
prod_make_bouquet  2  20009  Tulip
prod_box_bouquet  2  20009  20001  Tulip
customer_make_order  9  2  4  3
prod_make_bouquet  1  10010  Tulip
prod_make_bouquet  2  20010  Tulip
customer_make_order  10  3  4  3
prod_make_bouquet  3  30009  Rose
prod_box_bouquet  1  10010  10001  Tulip
prod_box_bouquet  2  20010  20001  Tulip
prod_box_bouquet  3  30009  30001  Rose
prod_send_box  1  10001  3
prod_send_box  2  20001  3
dc_receive_box  3  10001
dc_unbox_bouquet  3  10001  10001  Rose
dc_unbox_bouquet  3  10002  10001  Tulip
dc_unbox_bouquet  3  10003  10001  Tulip
dc_unbox_bouquet  3  10004  10001  Tulip
dc_unbox_bouquet  3  10005  10001  Tulip
dc_unbox_bouquet  3  10006  10001  Tulip
dc_unbox_bouquet  3  10007  10001  Rose
dc_unbox_bouquet  3  10008  10001  Tulip
dc_unbox_bouquet  3  10009  10001  Tulip
dc_unbox_bouquet  3  10010  10001  Tulip
dc_package_bouquet  3  10008  10008  Tulip
dc_package_bouquet  3  10009  10008  Tulip
dc_package_bouquet  3  10010  10008  Tulip
dc_send_package  3  1  10008  Tulip
sp_receive_package  1  10008  Tulip
sp_unpackage_bouquet  1  10008  10008  Tulip
sp_unpackage_bouquet  1  10009  10008  Tulip
sp_unpackage_bouquet  1  10010  10008  Tulip
dc_package_bouquet  3  10004  10004  Tulip
dc_package_bouquet  3  10005  10004  Tulip
dc_package_bouquet  3  10006  10004  Tulip
dc_send_package  3  2  10004  Tulip
sp_receive_package  2  10004  Tulip
sp_unpackage_bouquet  2  10004  10004  Tulip
sp_unpackage_bouquet  2  10005  10004  Tulip
sp_unpackage_bouquet  2  10006  10004  Tulip
dc_receive_box  3  20001
dc_unbox_bouquet  3  20001  20001  Tulip
dc_unbox_bouquet  3  20002  20001  Tulip
dc_unbox_bouquet  3  20003  20001  Tulip
dc_unbox_bouquet  3  20004  20001  Rose
dc_unbox_bouquet  3  20005  20001  Rose
dc_unbox_bouquet  3  20006  20001  Tulip
dc_unbox_bouquet  3  20007  20001  Rose
dc_unbox_bouquet  3  20008  20001  Rose
dc_unbox_bouquet  3  20009  20001  Tulip
dc_unbox_bouquet  3  20010  20001  Tulip
dc_package_bouquet  3  20005  20005  Rose
dc_package_bouquet  3  20007  20005  Rose
dc_package_bouquet  3  20008  20005  Rose
dc_send_package  3  3  20005  Rose
sp_receive_package  3  20005  Rose
sp_unpackage_bouquet  3  20005  20005  Rose
sp_unpackage_bouquet  3  20007  20005  Rose
sp_unpackage_bouquet  3  20008  20005  Rose
dc_package_bouquet  3  10001  10001  Rose
dc_package_bouquet  3  10007  10001  Rose
dc_package_bouquet  3  20004  10001  Rose
dc_send_package  3  1  10001  Rose
sp_receive_package  1  10001  Rose
sp_unpackage_bouquet  1  10001  10001  Rose
sp_unpackage_bouquet  1  10007  10001  Rose
sp_unpackage_bouquet  1  20004  10001  Rose
dc_package_bouquet  3  20006  20006  Tulip
dc_package_bouquet  3  20009  20006  Tulip
dc_package_bouquet  3  20010  20006  Tulip
dc_send_package  3  3  20006  Tulip
sp_receive_package  3  20006  Tulip
sp_unpackage_bouquet  3  20006  20006  Tulip
sp_unpackage_bouquet  3  20009  20006  Tulip
sp_unpackage_bouquet  3  20010  20006  Tulip
dc_package_bouquet  3  20001  20001  Tulip
dc_package_bouquet  3  20002  20001  Tulip
dc_package_bouquet  3  20003  20001  Tulip
dc_send_package  3  1  20001  Tulip
sp_receive_package  1  20001  Tulip
sp_unpackage_bouquet  1  20001  20001  Tulip
sp_unpackage_bouquet  1  20002  20001  Tulip
sp_unpackage_bouquet  1  20003  20001  Tulip
prod_make_bouquet  2  20011  Tulip
prod_make_bouquet  1  10011  Rose
prod_box_bouquet  2  20011  20011  Tulip
prod_box_bouquet  1  10011  10011  Rose
prod_make_bouquet  3  30010  Rose
customer_make_order  11  3  4  1
sp_prepare_bouquet  1  10009  11  Tulip
sp_prepare_bouquet  1  20001  11  Tulip
sp_prepare_bouquet  1  20002  11  Tulip
sp_prepare_bouquet  1  20003  11  Tulip
sp_prepare_bouquet  1  10001  11  Rose
sp_prepare_bouquet  1  10007  11  Rose
sp_prepare_bouquet  1  20004  11  Rose
sp_serve_order  1  11
prod_box_bouquet  3  30010  30001  Rose
prod_send_box  3  30001  1
dc_receive_box  1  30001
dc_unbox_bouquet  1  30001  30001  Rose
dc_unbox_bouquet  1  30002  30001  Tulip
dc_unbox_bouquet  1  30003  30001  Rose
dc_unbox_bouquet  1  30004  30001  Tulip
dc_unbox_bouquet  1  30005  30001  Rose
dc_unbox_bouquet  1  30006  30001  Tulip
dc_unbox_bouquet  1  30007  30001  Rose
dc_unbox_bouquet  1  30008  30001  Tulip
dc_unbox_bouquet  1  30009  30001  Rose
dc_unbox_bouquet  1  30010  30001  Rose
dc_package_bouquet  1  30007  30007  Rose
dc_package_bouquet  1  30009  30007  Rose
dc_package_bouquet  1  30010  30007  Rose
dc_send_package  1  3  30007  Rose
sp_receive_package  3  30007  Rose
sp_unpackage_bouquet  3  30007  30007  Rose
sp_unpackage_bouquet  3  30009  30007  Rose
sp_unpackage_bouquet  3  30010  30007  Rose
dc_package_bouquet  1  30001  30001  Rose
dc_package_bouquet  1  30003  30001  Rose
dc_package_bouquet  1  30005  30001  Rose
dc_send_package  1  2  30001  Rose
sp_receive_package  2  30001  Rose
sp_unpackage_bouquet  2  30001  30001  Rose
sp_unpackage_bouquet  2  30003  30001  Rose
sp_unpackage_bouquet  2  30005  30001  Rose
dc_package_bouquet  1  30004  30004  Tulip
dc_package_bouquet  1  30006  30004  Tulip
dc_package_bouquet  1  30008  30004  Tulip
dc_send_package  1  3  30004  Tulip
sp_receive_package  3  30004  Tulip
sp_unpackage_bouquet  3  30004  30004  Tulip
sp_unpackage_bouquet  3  30006  30004  Tulip
sp_unpackage_bouquet  3  30008  30004  Tulip
prod_make_bouquet  1  10012  Tulip
prod_make_bouquet  2  20012  Rose
prod_make_bouquet  3  30011  Tulip
customer_make_order  12  5  1  3
prod_box_bouquet  1  10012  10011  Tulip
prod_box_bouquet  2  20012  20011  Rose
prod_box_bouquet  3  30011  30011  Tulip
prod_make_bouquet  1  10013  Rose
prod_make_bouquet  3  30012  Tulip
prod_make_bouquet  2  20013  Tulip
customer_make_order  13  1  3  1
prod_box_bouquet  1  10013  10011  Rose
prod_box_bouquet  3  30012  30011  Tulip
prod_box_bouquet  2  20013  20011  Tulip
prod_make_bouquet  2  20014  Tulip
prod_make_bouquet  3  30013  Rose
prod_make_bouquet  1  10014  Tulip
customer_make_order  14  3  1  2
prod_box_bouquet  2  20014  20011  Tulip
prod_box_bouquet  1  10014  10011  Tulip
prod_box_bouquet  3  30013  30011  Rose
prod_make_bouquet  3  30014  Rose
prod_make_bouquet  1  10015  Tulip
customer_make_order  15  4  4  3
prod_make_bouquet  2  20015  Rose
prod_box_bouquet  3  30014  30011  Rose
prod_box_bouquet  1  10015  10011  Tulip
prod_box_bouquet  2  20015  20011  Rose
prod_make_bouquet  1  10016  Rose
prod_make_bouquet  3  30015  Tulip
customer_make_order  16  4  4  1
prod_make_bouquet  2  20016  Rose
prod_box_bouquet  1  10016  10011  Rose
prod_box_bouquet  3  30015  30011  Tulip
prod_box_bouquet  2  20016  20011  Rose
prod_make_bouquet  1  10017  Tulip
customer_make_order  17  3  1  3
sp_prepare_bouquet  3  30008  17  Tulip
sp_prepare_bouquet  3  30007  17  Rose
sp_prepare_bouquet  3  30009  17  Rose
sp_prepare_bouquet  3  30010  17  Rose
sp_serve_order  3  17
prod_make_bouquet  3  30016  Tulip
prod_box_bouquet  1  10017  10011  Tulip
prod_box_bouquet  3  30016  30011  Tulip
prod_make_bouquet  3  30017  Rose
prod_make_bouquet  2  20017  Tulip
customer_make_order  18  5  2  3
prod_make_bouquet  1  10018  Tulip
prod_box_bouquet  3  30017  30011  Rose
prod_box_bouquet  2  20017  20011  Tulip
prod_box_bouquet  1  10018  10011  Tulip
prod_make_bouquet  2  20018  Rose
prod_make_bouquet  3  30018  Tulip
prod_make_bouquet  1  10019  Rose
customer_make_order  19  3  1  1
prod_box_bouquet  2  20018  20011  Rose
prod_box_bouquet  3  30018  30011  Tulip
prod_box_bouquet  1  10019  10011  Rose
prod_make_bouquet  1  10020  Rose
customer_make_order  20  3  3  2
prod_make_bouquet  3  30019  Tulip
prod_box_bouquet  1  10020  10011  Rose
prod_make_bouquet  2  20019  Rose
prod_send_box  1  10011  3
prod_box_bouquet  3  30019  30011  Tulip
prod_box_bouquet  2  20019  20011  Rose
dc_receive_box  3  10011
dc_unbox_bouquet  3  10011  10011  Rose
dc_unbox_bouquet  3  10012  10011  Tulip
dc_unbox_bouquet  3  10013  10011  Rose
dc_unbox_bouquet  3  10014  10011  Tulip
dc_unbox_bouquet  3  10015  10011  Tulip
dc_unbox_bouquet  3  10016  10011  Rose
dc_unbox_bouquet  3  10017  10011  Tulip
dc_unbox_bouquet  3  10018  10011  Tulip
dc_unbox_bouquet  3  10019  10011  Rose
dc_unbox_bouquet  3  10020  10011  Rose
dc_package_bouquet  3  10016  10016  Rose
dc_package_bouquet  3  10019  10016  Rose
dc_package_bouquet  3  10020  10016  Rose
dc_package_bouquet  3  10015  10015  Tulip
dc_send_package  3  2  10016  Rose
dc_package_bouquet  3  10017  10015  Tulip
dc_package_bouquet  3  10018  10015  Tulip
dc_package_bouquet  3  10003  10003  Tulip
dc_package_bouquet  3  10012  10003  Tulip
dc_package_bouquet  3  10014  10003  Tulip
sp_receive_package  2  10016  Rose
sp_unpackage_bouquet  2  10016  10016  Rose
sp_unpackage_bouquet  2  10019  10016  Rose
sp_unpackage_bouquet  2  10020  10016  Rose
dc_send_package  3  2  10015  Tulip
dc_send_package  3  1  10003  Tulip
sp_receive_package  1  10003  Tulip
sp_unpackage_bouquet  1  10003  10003  Tulip
sp_unpackage_bouquet  1  10012  10003  Tulip
sp_unpackage_bouquet  1  10014  10003  Tulip
sp_receive_package  2  10015  Tulip
sp_unpackage_bouquet  2  10015  10015  Tulip
sp_unpackage_bouquet  2  10017  10015  Tulip
sp_unpackage_bouquet  2  10018  10015  Tulip
prod_make_bouquet  1  10021  Tulip
customer_make_order  21  5  1  2
prod_make_bouquet  3  30020  Tulip
prod_box_bouquet  1  10021  10021  Tulip
prod_make_bouquet  2  20020  Rose
prod_box_bouquet  3  30020  30011  Tulip
prod_box_bouquet  2  20020  20011  Rose
prod_send_box  3  30011  1
prod_send_box  2  20011  3
dc_receive_box  1  30011
dc_unbox_bouquet  1  30011  30011  Tulip
dc_unbox_bouquet  1  30012  30011  Tulip
dc_unbox_bouquet  1  30013  30011  Rose
dc_unbox_bouquet  1  30014  30011  Rose
dc_unbox_bouquet  1  30015  30011  Tulip
dc_unbox_bouquet  1  30016  30011  Tulip
dc_unbox_bouquet  1  30017  30011  Rose
dc_unbox_bouquet  1  30018  30011  Tulip
dc_unbox_bouquet  1  30019  30011  Tulip
dc_unbox_bouquet  1  30020  30011  Tulip
dc_receive_box  3  20011
dc_unbox_bouquet  3  20011  20011  Tulip
dc_unbox_bouquet  3  20012  20011  Rose
dc_unbox_bouquet  3  20013  20011  Tulip
dc_unbox_bouquet  3  20014  20011  Tulip
dc_unbox_bouquet  3  20015  20011  Rose
dc_unbox_bouquet  3  20016  20011  Rose
dc_unbox_bouquet  3  20017  20011  Tulip
dc_unbox_bouquet  3  20018  20011  Rose
dc_unbox_bouquet  3  20019  20011  Rose
dc_unbox_bouquet  3  20020  20011  Rose
dc_package_bouquet  3  20018  20018  Rose
dc_package_bouquet  3  20019  20018  Rose
dc_package_bouquet  3  20020  20018  Rose
dc_package_bouquet  3  20012  20012  Rose
dc_package_bouquet  3  20015  20012  Rose
dc_package_bouquet  3  20016  20012  Rose
dc_package_bouquet  3  20013  20013  Tulip
dc_package_bouquet  3  20014  20013  Tulip
dc_package_bouquet  3  20017  20013  Tulip
dc_package_bouquet  1  30013  30013  Rose
dc_package_bouquet  1  30014  30013  Rose
dc_package_bouquet  1  30017  30013  Rose
dc_package_bouquet  1  30018  30018  Tulip
dc_package_bouquet  1  30019  30018  Tulip
dc_package_bouquet  1  30020  30018  Tulip
dc_package_bouquet  1  30012  30012  Tulip
dc_package_bouquet  1  30015  30012  Tulip
dc_package_bouquet  1  30016  30012  Tulip
dc_send_package  3  3  20018  Rose
dc_send_package  3  3  20012  Rose
dc_send_package  3  2  20013  Tulip
dc_send_package  1  3  30013  Rose
dc_send_package  1  2  30018  Tulip
sp_receive_package  3  20018  Rose
dc_send_package  1  3  30012  Tulip
sp_unpackage_bouquet  3  20018  20018  Rose
sp_unpackage_bouquet  3  20019  20018  Rose
sp_unpackage_bouquet  3  20020  20018  Rose
sp_receive_package  2  20013  Tulip
sp_unpackage_bouquet  2  20013  20013  Tulip
sp_unpackage_bouquet  2  20014  20013  Tulip
sp_unpackage_bouquet  2  20017  20013  Tulip
sp_receive_package  2  30018  Tulip
sp_unpackage_bouquet  2  30018  30018  Tulip
sp_unpackage_bouquet  2  30019  30018  Tulip
sp_unpackage_bouquet  2  30020  30018  Tulip
sp_receive_package  3  20012  Rose
sp_unpackage_bouquet  3  20012  20012  Rose
sp_unpackage_bouquet  3  20015  20012  Rose
sp_unpackage_bouquet  3  20016  20012  Rose
sp_receive_package  3  30013  Rose
sp_unpackage_bouquet  3  30013  30013  Rose
sp_unpackage_bouquet  3  30014  30013  Rose
sp_unpackage_bouquet  3  30017  30013  Rose
sp_receive_package  3  30012  Tulip
sp_unpackage_bouquet  3  30012  30012  Tulip
sp_unpackage_bouquet  3  30015  30012  Tulip
sp_unpackage_bouquet  3  30016  30012  Tulip
prod_make_bouquet  2  20021  Rose
prod_make_bouquet  3  30021  Tulip
prod_box_bouquet  2  20021  20021  Rose
customer_make_order  22  1  3  2
prod_box_bouquet  3  30021  30021  Tulip
sp_prepare_bouquet  2  30018  22  Tulip
sp_prepare_bouquet  2  30019  22  Tulip
sp_prepare_bouquet  2  30020  22  Tulip
sp_prepare_bouquet  2  10020  22  Rose
sp_serve_order  2  22
prod_make_bouquet  1  10022  Rose
prod_box_bouquet  1  10022  10021  Rose
prod_make_bouquet  3  30022  Rose
prod_box_bouquet  3  30022  30021  Rose
prod_make_bouquet  2  20022  Rose
prod_box_bouquet  2  20022  20021  Rose
prod_make_bouquet  1  10023  Rose
prod_box_bouquet  1  10023  10021  Rose
prod_make_bouquet  2  20023  Tulip
prod_box_bouquet  2  20023  20021  Tulip
prod_make_bouquet  3  30023  Rose
prod_box_bouquet  3  30023  30021  Rose
prod_make_bouquet  1  10024  Rose
prod_box_bouquet  1  10024  10021  Rose
prod_make_bouquet  2  20024  Rose
prod_box_bouquet  2  20024  20021  Rose
prod_make_bouquet  3  30024  Rose
prod_box_bouquet  3  30024  30021  Rose
customer_make_order  23  4  2  1
prod_make_bouquet  3  30025  Tulip
customer_make_order  24  1  5  1
prod_box_bouquet  3  30025  30021  Tulip
prod_make_bouquet  1  10025  Tulip
prod_make_bouquet  2  20025  Tulip
prod_box_bouquet  1  10025  10021  Tulip
prod_box_bouquet  2  20025  20021  Tulip
prod_make_bouquet  1  10026  Tulip
prod_make_bouquet  3  30026  Rose
prod_box_bouquet  1  10026  10021  Tulip
customer_make_order  25  1  4  2
prod_box_bouquet  3  30026  30021  Rose
sp_prepare_bouquet  2  10018  25  Tulip
sp_prepare_bouquet  2  20013  25  Tulip
sp_prepare_bouquet  2  20014  25  Tulip
sp_prepare_bouquet  2  20017  25  Tulip
sp_prepare_bouquet  2  10019  25  Rose
sp_serve_order  2  25
prod_make_bouquet  2  20026  Rose
prod_box_bouquet  2  20026  20021  Rose
prod_make_bouquet  3  30027  Rose
prod_box_bouquet  3  30027  30021  Rose
customer_make_order  26  4  3  2
prod_make_bouquet  1  10027  Tulip
prod_make_bouquet  2  20027  Tulip
prod_box_bouquet  1  10027  10021  Tulip
prod_box_bouquet  2  20027  20021  Tulip
prod_make_bouquet  3  30028  Tulip
prod_make_bouquet  1  10028  Rose
prod_make_bouquet  2  20028  Rose
customer_make_order  27  1  2  1
prod_box_bouquet  3  30028  30021  Tulip
prod_box_bouquet  1  10028  10021  Rose
prod_box_bouquet  2  20028  20021  Rose
prod_make_bouquet  1  10029  Rose
prod_make_bouquet  2  20029  Rose
prod_box_bouquet  1  10029  10021  Rose
customer_make_order  28  2  2  3
sp_prepare_bouquet  3  30015  28  Tulip
sp_prepare_bouquet  3  30016  28  Tulip
sp_prepare_bouquet  3  30014  28  Rose
sp_prepare_bouquet  3  30017  28  Rose
sp_serve_order  3  28
prod_box_bouquet  2  20029  20021  Rose
prod_make_bouquet  1  10030  Tulip
prod_make_bouquet  3  30029  Rose
prod_box_bouquet  1  10030  10021  Tulip
prod_box_bouquet  3  30029  30021  Rose
prod_make_bouquet  2  20030  Rose
prod_box_bouquet  2  20030  20021  Rose
prod_send_box  1  10021  3
prod_send_box  2  20021  3
dc_receive_box  3  10021
dc_unbox_bouquet  3  10021  10021  Tulip
dc_unbox_bouquet  3  10022  10021  Rose
dc_unbox_bouquet  3  10023  10021  Rose
dc_unbox_bouquet  3  10024  10021  Rose
dc_unbox_bouquet  3  10025  10021  Tulip
dc_unbox_bouquet  3  10026  10021  Tulip
dc_unbox_bouquet  3  10027  10021  Tulip
dc_unbox_bouquet  3  10028  10021  Rose
dc_unbox_bouquet  3  10029  10021  Rose
dc_unbox_bouquet  3  10030  10021  Tulip
dc_package_bouquet  3  10024  10024  Rose
dc_package_bouquet  3  10028  10024  Rose
customer_make_order  29  2  2  1
dc_package_bouquet  3  10029  10024  Rose
dc_package_bouquet  3  10013  10013  Rose
dc_package_bouquet  3  10022  10013  Rose
dc_package_bouquet  3  10023  10013  Rose
dc_package_bouquet  3  10026  10026  Tulip
dc_package_bouquet  3  10027  10026  Tulip
dc_send_package  3  1  10024  Rose
dc_package_bouquet  3  10030  10026  Tulip
dc_package_bouquet  3  20011  20011  Tulip
dc_package_bouquet  3  10021  20011  Tulip
dc_package_bouquet  3  10025  20011  Tulip
sp_receive_package  1  10024  Rose
dc_receive_box  3  20021
dc_unbox_bouquet  3  20021  20021  Rose
sp_unpackage_bouquet  1  10024  10024  Rose
dc_unbox_bouquet  3  20022  20021  Rose
sp_unpackage_bouquet  1  10028  10024  Rose
dc_unbox_bouquet  3  20023  20021  Tulip
sp_unpackage_bouquet  1  10029  10024  Rose
dc_unbox_bouquet  3  20024  20021  Rose
dc_unbox_bouquet  3  20025  20021  Tulip
dc_unbox_bouquet  3  20026  20021  Rose
dc_unbox_bouquet  3  20027  20021  Tulip
dc_send_package  3  1  10013  Rose
dc_unbox_bouquet  3  20028  20021  Rose
dc_unbox_bouquet  3  20029  20021  Rose
dc_unbox_bouquet  3  20030  20021  Rose
dc_package_bouquet  3  20028  20028  Rose
sp_receive_package  1  10013  Rose
sp_unpackage_bouquet  1  10013  10013  Rose
sp_unpackage_bouquet  1  10022  10013  Rose
sp_unpackage_bouquet  1  10023  10013  Rose
dc_package_bouquet  3  20029  20028  Rose
dc_send_package  3  2  10026  Tulip
dc_send_package  3  3  20011  Tulip
sp_receive_package  2  10026  Tulip
sp_unpackage_bouquet  2  10026  10026  Tulip
sp_unpackage_bouquet  2  10027  10026  Tulip
sp_unpackage_bouquet  2  10030  10026  Tulip
sp_receive_package  3  20011  Tulip
dc_package_bouquet  3  20030  20028  Rose
dc_package_bouquet  3  20022  20022  Rose
dc_package_bouquet  3  20024  20022  Rose
dc_package_bouquet  3  20026  20022  Rose
dc_package_bouquet  3  20023  20023  Tulip
dc_package_bouquet  3  20025  20023  Tulip
sp_unpackage_bouquet  3  20011  20011  Tulip
sp_unpackage_bouquet  3  10021  20011  Tulip
sp_unpackage_bouquet  3  10025  20011  Tulip
dc_package_bouquet  3  20027  20023  Tulip
dc_send_package  3  2  20028  Rose
dc_send_package  3  3  20022  Rose
sp_receive_package  2  20028  Rose
sp_unpackage_bouquet  2  20028  20028  Rose
sp_unpackage_bouquet  2  20029  20028  Rose
sp_receive_package  3  20022  Rose
sp_unpackage_bouquet  3  20022  20022  Rose
sp_unpackage_bouquet  2  20030  20028  Rose
sp_unpackage_bouquet  3  20024  20022  Rose
sp_unpackage_bouquet  3  20026  20022  Rose
dc_send_package  3  2  20023  Tulip
sp_receive_package  2  20023  Tulip
sp_unpackage_bouquet  2  20023  20023  Tulip
sp_unpackage_bouquet  2  20025  20023  Tulip
sp_unpackage_bouquet  2  20027  20023  Tulip
prod_make_bouquet  1  10031  Rose
prod_box_bouquet  1  10031  10031  Rose
prod_make_bouquet  2  20031  Rose
prod_box_bouquet  2  20031  20031  Rose
customer_make_order  30  4  3  2
prod_make_bouquet  3  30030  Rose
prod_make_bouquet  2  20032  Tulip
customer_make_order  31  2  3  2
prod_box_bouquet  3  30030  30021  Rose
prod_box_bouquet  2  20032  20031  Tulip
prod_send_box  3  30021  3
dc_receive_box  3  30021
dc_unbox_bouquet  3  30021  30021  Tulip
dc_unbox_bouquet  3  30022  30021  Rose
dc_unbox_bouquet  3  30023  30021  Rose
dc_unbox_bouquet  3  30024  30021  Rose
dc_unbox_bouquet  3  30025  30021  Tulip
dc_unbox_bouquet  3  30026  30021  Rose
dc_unbox_bouquet  3  30027  30021  Rose
dc_unbox_bouquet  3  30028  30021  Tulip
dc_unbox_bouquet  3  30029  30021  Rose
dc_unbox_bouquet  3  30030  30021  Rose
dc_package_bouquet  3  30027  30027  Rose
dc_package_bouquet  3  30029  30027  Rose
dc_package_bouquet  3  30030  30027  Rose
dc_package_bouquet  3  30023  30023  Rose
dc_package_bouquet  3  30024  30023  Rose
dc_package_bouquet  3  30026  30023  Rose
dc_send_package  3  1  30027  Rose
dc_package_bouquet  3  10011  10011  Rose
dc_package_bouquet  3  20021  10011  Rose
dc_send_package  3  3  30023  Rose
sp_receive_package  3  30023  Rose
sp_unpackage_bouquet  3  30023  30023  Rose
sp_unpackage_bouquet  3  30024  30023  Rose
sp_unpackage_bouquet  3  30026  30023  Rose
sp_receive_package  1  30027  Rose
sp_unpackage_bouquet  1  30027  30027  Rose
sp_unpackage_bouquet  1  30029  30027  Rose
sp_unpackage_bouquet  1  30030  30027  Rose
dc_package_bouquet  3  30022  10011  Rose
dc_package_bouquet  3  30021  30021  Tulip
dc_package_bouquet  3  30025  30021  Tulip
dc_send_package  3  3  10011  Rose
dc_package_bouquet  3  30028  30021  Tulip
dc_send_package  3  1  30021  Tulip
sp_receive_package  1  30021  Tulip
sp_unpackage_bouquet  1  30021  30021  Tulip
sp_unpackage_bouquet  1  30025  30021  Tulip
sp_unpackage_bouquet  1  30028  30021  Tulip
sp_receive_package  3  10011  Rose
sp_unpackage_bouquet  3  10011  10011  Rose
sp_unpackage_bouquet  3  20021  10011  Rose
sp_unpackage_bouquet  3  30022  10011  Rose
prod_make_bouquet  3  30031  Rose
prod_make_bouquet  1  10032  Rose
customer_make_order  32  3  1  2
prod_make_bouquet  2  20033  Tulip
prod_box_bouquet  3  30031  30031  Rose
prod_box_bouquet  1  10032  10031  Rose
prod_box_bouquet  2  20033  20031  Tulip
customer_make_order  33  3  5  2
prod_make_bouquet  3  30032  Rose
prod_make_bouquet  1  10033  Tulip
prod_box_bouquet  3  30032  30031  Rose
prod_box_bouquet  1  10033  10031  Tulip
prod_make_bouquet  1  10034  Rose
prod_make_bouquet  3  30033  Rose
customer_make_order  34  5  2  1
sp_prepare_bouquet  1  30025  34  Tulip
sp_prepare_bouquet  1  30028  34  Tulip
sp_prepare_bouquet  1  10022  34  Rose
sp_prepare_bouquet  1  10023  34  Rose
sp_prepare_bouquet  1  30027  34  Rose
sp_prepare_bouquet  1  30029  34  Rose
sp_prepare_bouquet  1  30030  34  Rose
sp_serve_order  1  34
prod_make_bouquet  2  20034  Rose
prod_box_bouquet  1  10034  10031  Rose
prod_box_bouquet  3  30033  30031  Rose
prod_box_bouquet  2  20034  20031  Rose
prod_make_bouquet  1  10035  Rose
prod_make_bouquet  3  30034  Rose
prod_make_bouquet  2  20035  Tulip
customer_make_order  35  1  4  3
prod_box_bouquet  1  10035  10031  Rose
sp_prepare_bouquet  3  30012  35  Tulip
sp_prepare_bouquet  3  20011  35  Tulip
sp_prepare_bouquet  3  10021  35  Tulip
sp_prepare_bouquet  3  10025  35  Tulip
sp_prepare_bouquet  3  30022  35  Rose
prod_box_bouquet  3  30034  30031  Rose
prod_box_bouquet  2  20035  20031  Tulip
sp_serve_order  3  35
prod_make_bouquet  3  30035  Rose
prod_make_bouquet  1  10036  Tulip
prod_box_bouquet  3  30035  30031  Rose
prod_box_bouquet  1  10036  10031  Tulip
customer_make_order  36  2  4  3
sp_prepare_bouquet  3  20006  36  Tulip
sp_prepare_bouquet  3  20009  36  Tulip
prod_make_bouquet  1  10037  Tulip
prod_make_bouquet  2  20036  Tulip
prod_box_bouquet  1  10037  10031  Tulip
prod_make_bouquet  3  30036  Tulip
prod_box_bouquet  2  20036  20031  Tulip
prod_box_bouquet  3  30036  30031  Tulip
sp_prepare_bouquet  3  30004  36  Tulip
sp_prepare_bouquet  3  30006  36  Tulip
sp_prepare_bouquet  3  10011  36  Rose
sp_prepare_bouquet  3  20021  36  Rose
sp_serve_order  3  36
customer_make_order  37  2  4  2
prod_make_bouquet  2  20037  Rose
prod_make_bouquet  1  10038  Tulip
prod_make_bouquet  3  30037  Tulip
prod_box_bouquet  2  20037  20031  Rose
prod_box_bouquet  1  10038  10031  Tulip
prod_box_bouquet  3  30037  30031  Tulip
prod_make_bouquet  2  20038  Tulip
prod_make_bouquet  3  30038  Tulip
prod_make_bouquet  1  10039  Rose
prod_box_bouquet  2  20038  20031  Tulip
prod_box_bouquet  3  30038  30031  Tulip
prod_box_bouquet  1  10039  10031  Rose
prod_make_bouquet  2  20039  Rose
prod_make_bouquet  3  30039  Rose
prod_make_bouquet  1  10040  Tulip
customer_make_order  38  2  5  1
prod_box_bouquet  2  20039  20031  Rose
sp_prepare_bouquet  1  10008  38  Tulip
sp_prepare_bouquet  1  10003  38  Tulip
sp_prepare_bouquet  1  10012  38  Tulip
sp_prepare_bouquet  1  10014  38  Tulip
sp_prepare_bouquet  1  30021  38  Tulip
sp_prepare_bouquet  1  10029  38  Rose
sp_prepare_bouquet  1  10013  38  Rose
prod_box_bouquet  3  30039  30031  Rose
sp_serve_order  1  38
prod_box_bouquet  1  10040  10031  Tulip
prod_send_box  1  10031  1
dc_receive_box  1  10031
dc_unbox_bouquet  1  10031  10031  Rose
dc_unbox_bouquet  1  10032  10031  Rose
dc_unbox_bouquet  1  10033  10031  Tulip
dc_unbox_bouquet  1  10034  10031  Rose
dc_unbox_bouquet  1  10035  10031  Rose
dc_unbox_bouquet  1  10036  10031  Tulip
dc_unbox_bouquet  1  10037  10031  Tulip
dc_unbox_bouquet  1  10038  10031  Tulip
dc_unbox_bouquet  1  10039  10031  Rose
dc_unbox_bouquet  1  10040  10031  Tulip
dc_package_bouquet  1  10034  10034  Rose
dc_package_bouquet  1  10035  10034  Rose
dc_package_bouquet  1  10039  10034  Rose
dc_package_bouquet  1  10037  10037  Tulip
dc_package_bouquet  1  10038  10037  Tulip
dc_package_bouquet  1  10040  10037  Tulip
dc_package_bouquet  1  30011  30011  Tulip
dc_package_bouquet  1  10033  30011  Tulip
dc_package_bouquet  1  10036  30011  Tulip
dc_send_package  1  3  10034  Rose
dc_send_package  1  3  10037  Tulip
dc_send_package  1  2  30011  Tulip
sp_receive_package  3  10034  Rose
sp_unpackage_bouquet  3  10034  10034  Rose
sp_receive_package  2  30011  Tulip
sp_unpackage_bouquet  2  30011  30011  Tulip
sp_unpackage_bouquet  2  10033  30011  Tulip
sp_unpackage_bouquet  2  10036  30011  Tulip
sp_unpackage_bouquet  3  10035  10034  Rose
sp_unpackage_bouquet  3  10039  10034  Rose
sp_receive_package  3  10037  Tulip
sp_unpackage_bouquet  3  10037  10037  Tulip
sp_unpackage_bouquet  3  10038  10037  Tulip
sp_unpackage_bouquet  3  10040  10037  Tulip
