writer_enter  3  2
write_room  3  2  Lame-duty
writer_enter  4  1
reader_enter  2  3
writer_exit  3  2
write_room  4  1  Pathetic-meeting
reader_enter  1  2
read_room  1  2  Lame-duty
writer_exit  4  1
read_room  2  3  NULL
reader_exit  1  2
reader_exit  2  3
writer_enter  2  2
writer_enter  1  3
write_room  2  2  Bad-party
write_room  1  3  Lame-time
writer_exit  2  2
writer_enter  2  2
writer_exit  1  3
writer_enter  3  3
write_room  2  2  Awful-duty
write_room  3  3  Good-duty
writer_exit  3  3
writer_enter  4  3
write_room  4  3  Awful-job
writer_exit  2  2
writer_exit  4  3
reader_enter  2  3
reader_enter  1  3
writer_enter  4  2
read_room  2  3  Awful-job
read_room  1  3  Awful-job
reader_exit  2  3
write_room  4  2  Lame-day
reader_exit  1  3
writer_enter  1  3
write_room  1  3  Terrible-meeting
writer_exit  4  2
writer_enter  4  1
writer_exit  1  3
writer_enter  3  3
write_room  3  3  Lame-day
write_room  4  1  Wonderful-experience
writer_exit  3  3
writer_enter  2  3
writer_exit  4  1
writer_enter  1  1
write_room  2  3  Awful-job
write_room  1  1  Pathetic-night
writer_exit  2  3
writer_enter  2  2
write_room  2  2  Nice-evening
writer_exit  1  1
writer_enter  1  1
writer_exit  2  2
writer_enter  3  2
write_room  1  1  Wonderful-code
writer_exit  1  1
write_room  3  2  Lame-experience
writer_exit  3  2

