take_seat  1
get_hair_cut  1
cut_hair  1
take_seat  4
get_hair_cut  4
cut_hair  4
take_seat  6
get_hair_cut  6
cut_hair  6
take_seat  7
get_hair_cut  7
cut_hair  7
take_seat  5
take_seat  2
cut_hair  5
get_hair_cut  5
take_seat  3
take_seat  11
cut_hair  2
get_hair_cut  2
cut_hair  3
get_hair_cut  3
cut_hair  11
get_hair_cut  11
take_seat  9
take_seat  12
cut_hair  9
get_hair_cut  9
cut_hair  12
get_hair_cut  12
take_seat  8
get_hair_cut  8
cut_hair  8
take_seat  16
cut_hair  16
get_hair_cut  16
take_seat  10
get_hair_cut  10
cut_hair  10
take_seat  13
get_hair_cut  13
cut_hair  13
take_seat  14
take_seat  18
take_seat  20
take_seat  19
cut_hair  14
get_hair_cut  14
take_seat  15
take_seat  17
cut_hair  18
get_hair_cut  18
cut_hair  20
get_hair_cut  20
cut_hair  19
get_hair_cut  19
cut_hair  15
get_hair_cut  15
cut_hair  17
get_hair_cut  17
